#-----------------------------------------------------------
# Vivado v2018.3 (64-bit)
# SW Build 2405991 on Thu Dec  6 23:38:27 MST 2018
# IP Build 2404404 on Fri Dec  7 01:43:56 MST 2018
# Start of session at: Mon Nov 18 14:24:31 2019
# Process ID: 14924
# Current directory: F:/WHR/Project/20191111sanjiangbisaiFPGA/wmy
# Command line: vivado.exe -gui_launcher_event rodinguilauncherevent14772 F:\WHR\Project\20191111sanjiangbisaiFPGA\wmy\xilinx_wmy.xpr
# Log file: F:/WHR/Project/20191111sanjiangbisaiFPGA/wmy/vivado.log
# Journal file: F:/WHR/Project/20191111sanjiangbisaiFPGA/wmy\vivado.jou
#-----------------------------------------------------------
start_gui
open_project F:/WHR/Project/20191111sanjiangbisaiFPGA/wmy/xilinx_wmy.xpr
Scanning sources...
Finished scanning sources
INFO: [IP_Flow 19-234] Refreshing IP repositories
INFO: [IP_Flow 19-1704] No user IP repositories specified
INFO: [IP_Flow 19-2313] Loaded Vivado IP repository 'C:/Xilinx/Vivado/2018.3/data/ip'.
open_project: Time (s): cpu = 00:00:18 ; elapsed = 00:00:08 . Memory (MB): peak = 767.414 ; gain = 166.188
update_compile_order -fileset sources_1
exit
INFO: [Common 17-206] Exiting Vivado at Mon Nov 18 15:51:29 2019...
